<?xml version="1.0" encoding="UTF-8"?>
<!-- Generated by org.testng.reporters.JUnitReportReporter -->
<testsuite hostname="DESKTOP-8DBSALH" failures="0" tests="6" name="testNG.TestngPara" time="16.837" errors="1" timestamp="2022-03-29T12:31:29 IST" skipped="2">
  <testcase classname="testNG.TestngPara" name="teardown" time="0.300"/>
  <system-out/>
  <testcase classname="testNG.TestngPara" name="login" time="0.000">
    <error message="
Parameter &#039;good&#039; is required by @Test on method login but has not been marked @Optional or defined
in D:\Users\Rajendra Barad\eclipse-workspace\Selenium\testngpara.xml" type="org.testng.TestNGException">
      <![CDATA[org.testng.TestNGException: 
Parameter 'good' is required by @Test on method login but has not been marked @Optional or defined
in D:\Users\Rajendra Barad\eclipse-workspace\Selenium\testngpara.xml
at org.testng.internal.Parameters.createParams(Parameters.java:270)
at org.testng.internal.Parameters.createParametersForMethod(Parameters.java:358)
at org.testng.internal.Parameters.createParameters(Parameters.java:700)
at org.testng.internal.Parameters.handleParameters(Parameters.java:884)
at org.testng.internal.Parameters.handleParameters(Parameters.java:740)
at org.testng.internal.ParameterHandler.handleParameters(ParameterHandler.java:59)
at org.testng.internal.ParameterHandler.createParameters(ParameterHandler.java:38)
at org.testng.internal.TestInvoker$MethodInvocationAgent.invoke(TestInvoker.java:791)
at org.testng.internal.TestInvoker.invokeTestMethods(TestInvoker.java:146)
at org.testng.internal.TestMethodWorker.invokeTestMethods(TestMethodWorker.java:146)
at org.testng.internal.TestMethodWorker.run(TestMethodWorker.java:128)
at java.base/java.util.ArrayList.forEach(ArrayList.java:1511)
at org.testng.TestRunner.privateRun(TestRunner.java:794)
at org.testng.TestRunner.run(TestRunner.java:596)
at org.testng.SuiteRunner.runTest(SuiteRunner.java:377)
at org.testng.SuiteRunner.access$000(SuiteRunner.java:28)
at org.testng.SuiteRunner$SuiteWorker.run(SuiteRunner.java:418)
at org.testng.internal.thread.ThreadUtil.lambda$execute$0(ThreadUtil.java:64)
at java.base/java.util.concurrent.FutureTask.run(FutureTask.java:264)
at java.base/java.util.concurrent.ThreadPoolExecutor.runWorker(ThreadPoolExecutor.java:1136)
at java.base/java.util.concurrent.ThreadPoolExecutor$Worker.run(ThreadPoolExecutor.java:635)
at java.base/java.lang.Thread.run(Thread.java:833)
]]>
    </error>
  </testcase> <!-- login -->
  <system-out/>
  <testcase classname="testNG.TestngPara" name="teardown" time="0.000">
    <skipped/>
  </testcase> <!-- teardown -->
  <system-out/>
  <testcase classname="testNG.TestngPara" name="logout" time="0.000">
    <skipped/>
  </testcase> <!-- logout -->
  <system-out/>
  <testcase classname="testNG.TestngPara" name="login" time="11.115"/>
  <system-out/>
  <testcase classname="testNG.TestngPara" name="logout" time="5.422"/>
  <system-out/>
</testsuite> <!-- testNG.TestngPara -->
